<?xml version="1.0" encoding="UTF-8"?>
<coverage generated="1654235275656" clover="3.2.0">
  <project timestamp="1654235275657" name="All files">
    <metrics statements="13" coveredstatements="3" conditionals="0" coveredconditionals="0" methods="4" coveredmethods="0" elements="17" coveredelements="3" complexity="0" loc="13" ncloc="13" packages="2" files="2" classes="2"/>
    <package name="AppTitle">
      <metrics statements="1" coveredstatements="1" conditionals="0" coveredconditionals="0" methods="0" coveredmethods="0"/>
      <file name="AppTitle.vue" path="/Users/issadia/Desktop/projects/scrapping-app/frontend/src/components/AppTitle/AppTitle.vue">
        <metrics statements="1" coveredstatements="1" conditionals="0" coveredconditionals="0" methods="0" coveredmethods="0"/>
        <line num="2" count="1" type="stmt"/>
      </file>
    </package>
    <package name="SearchForm">
      <metrics statements="12" coveredstatements="2" conditionals="0" coveredconditionals="0" methods="4" coveredmethods="0"/>
      <file name="SearchForm.vue" path="/Users/issadia/Desktop/projects/scrapping-app/frontend/src/components/SearchForm/SearchForm.vue">
        <metrics statements="12" coveredstatements="2" conditionals="0" coveredconditionals="0" methods="4" coveredmethods="0"/>
        <line num="22" count="1" type="stmt"/>
        <line num="23" count="1" type="stmt"/>
        <line num="27" count="0" type="stmt"/>
        <line num="28" count="0" type="stmt"/>
        <line num="29" count="0" type="stmt"/>
        <line num="30" count="0" type="stmt"/>
        <line num="31" count="0" type="stmt"/>
        <line num="33" count="0" type="stmt"/>
        <line num="34" count="0" type="stmt"/>
        <line num="35" count="0" type="stmt"/>
        <line num="37" count="0" type="stmt"/>
        <line num="39" count="0" type="stmt"/>
      </file>
    </package>
  </project>
</coverage>
