{"/Users/issadia/Desktop/projects/scrapping-app/frontend/src/components/AppTitle/AppTitle.vue": {"path":"/Users/issadia/Desktop/projects/scrapping-app/frontend/src/components/AppTitle/AppTitle.vue","statementMap":{"0":{"start":{"line":2,"column":15},"end":{"line":2,"column":null}}},"fnMap":{},"branchMap":{},"s":{"0":1},"f":{},"b":{}}
,"/Users/issadia/Desktop/projects/scrapping-app/frontend/src/components/SearchForm/SearchForm.vue": {"path":"/Users/issadia/Desktop/projects/scrapping-app/frontend/src/components/SearchForm/SearchForm.vue","statementMap":{"0":{"start":{"line":22,"column":23},"end":{"line":22,"column":null}},"1":{"start":{"line":23,"column":15},"end":{"line":23,"column":31}},"2":{"start":{"line":27,"column":26},"end":{"line":27,"column":null}},"3":{"start":{"line":28,"column":6},"end":{"line":28,"column":11}},"4":{"start":{"line":30,"column":6},"end":{"line":30,"column":12}},"5":{"start":{"line":31,"column":28},"end":{"line":31,"column":36}},"6":{"start":{"line":33,"column":10},"end":{"line":33,"column":15}},"7":{"start":{"line":34,"column":10},"end":{"line":34,"column":15}},"8":{"start":{"line":35,"column":10},"end":{"line":35,"column":15}},"9":{"start":{"line":37,"column":26},"end":{"line":37,"column":33}}},"fnMap":{"0":{"name":"(anonymous_0)","decl":{"start":{"line":26,"column":4},"end":{"line":26,"column":10}},"loc":{"start":{"line":26,"column":25},"end":{"line":38,"column":null}}},"1":{"name":"(anonymous_1)","decl":{"start":{"line":31,"column":14},"end":{"line":31,"column":15}},"loc":{"start":{"line":31,"column":28},"end":{"line":31,"column":36}}},"2":{"name":"(anonymous_2)","decl":{"start":{"line":32,"column":14},"end":{"line":32,"column":15}},"loc":{"start":{"line":32,"column":24},"end":{"line":36,"column":null}}},"3":{"name":"(anonymous_3)","decl":{"start":{"line":37,"column":15},"end":{"line":37,"column":16}},"loc":{"start":{"line":37,"column":26},"end":{"line":37,"column":33}}}},"branchMap":{},"s":{"0":1,"1":1,"2":0,"3":0,"4":0,"5":0,"6":0,"7":0,"8":0,"9":0},"f":{"0":0,"1":0,"2":0,"3":0},"b":{}}
}
