<?xml version="1.0" encoding="UTF-8"?>
<coverage generated="1654241924848" clover="3.2.0">
  <project timestamp="1654241924848" name="All files">
    <metrics statements="29" coveredstatements="28" conditionals="2" coveredconditionals="1" methods="5" coveredmethods="4" elements="36" coveredelements="33" complexity="0" loc="29" ncloc="29" packages="2" files="2" classes="2"/>
    <package name="backend">
      <metrics statements="16" coveredstatements="16" conditionals="2" coveredconditionals="1" methods="2" coveredmethods="2"/>
      <file name="app.js" path="/Users/issadia/Desktop/projects/scrapping-app/backend/app.js">
        <metrics statements="16" coveredstatements="16" conditionals="2" coveredconditionals="1" methods="2" coveredmethods="2"/>
        <line num="1" count="1" type="stmt"/>
        <line num="3" count="1" type="stmt"/>
        <line num="5" count="1" type="stmt"/>
        <line num="6" count="1" type="stmt"/>
        <line num="7" count="1" type="stmt"/>
        <line num="8" count="1" type="stmt"/>
        <line num="10" count="1" type="stmt"/>
        <line num="12" count="1" type="stmt"/>
        <line num="13" count="1" type="stmt"/>
        <line num="15" count="1" type="cond" truecount="1" falsecount="1"/>
        <line num="16" count="1" type="stmt"/>
        <line num="19" count="1" type="stmt"/>
        <line num="20" count="1" type="stmt"/>
        <line num="23" count="1" type="stmt"/>
        <line num="24" count="1" type="stmt"/>
        <line num="27" count="1" type="stmt"/>
      </file>
    </package>
    <package name="backend.routes">
      <metrics statements="13" coveredstatements="12" conditionals="0" coveredconditionals="0" methods="3" coveredmethods="2"/>
      <file name="data.js" path="/Users/issadia/Desktop/projects/scrapping-app/backend/routes/data.js">
        <metrics statements="13" coveredstatements="12" conditionals="0" coveredconditionals="0" methods="3" coveredmethods="2"/>
        <line num="1" count="1" type="stmt"/>
        <line num="2" count="1" type="stmt"/>
        <line num="4" count="1" type="stmt"/>
        <line num="5" count="1" type="stmt"/>
        <line num="6" count="1" type="stmt"/>
        <line num="8" count="1" type="stmt"/>
        <line num="11" count="1" type="stmt"/>
        <line num="12" count="1" type="stmt"/>
        <line num="16" count="1" type="stmt"/>
        <line num="21" count="1" type="stmt"/>
        <line num="27" count="1" type="stmt"/>
        <line num="29" count="0" type="stmt"/>
        <line num="32" count="1" type="stmt"/>
      </file>
    </package>
  </project>
</coverage>
