<?xml version="1.0" encoding="UTF-8"?>
<coverage generated="1654239081327" clover="3.2.0">
  <project timestamp="1654239081328" name="All files">
    <metrics statements="16" coveredstatements="10" conditionals="0" coveredconditionals="0" methods="4" coveredmethods="2" elements="20" coveredelements="12" complexity="0" loc="16" ncloc="16" packages="1" files="2" classes="2"/>
    <file name="data.js" path="/Users/issadia/Desktop/projects/scrapping-app/backend/routes/data.js">
      <metrics statements="13" coveredstatements="7" conditionals="0" coveredconditionals="0" methods="3" coveredmethods="1"/>
      <line num="1" count="1" type="stmt"/>
      <line num="2" count="1" type="stmt"/>
      <line num="4" count="1" type="stmt"/>
      <line num="5" count="1" type="stmt"/>
      <line num="6" count="1" type="stmt"/>
      <line num="8" count="1" type="stmt"/>
      <line num="11" count="0" type="stmt"/>
      <line num="12" count="0" type="stmt"/>
      <line num="16" count="0" type="stmt"/>
      <line num="21" count="0" type="stmt"/>
      <line num="27" count="0" type="stmt"/>
      <line num="29" count="0" type="stmt"/>
      <line num="32" count="1" type="stmt"/>
    </file>
    <file name="index.js" path="/Users/issadia/Desktop/projects/scrapping-app/backend/routes/index.js">
      <metrics statements="3" coveredstatements="3" conditionals="0" coveredconditionals="0" methods="1" coveredmethods="1"/>
      <line num="1" count="1" type="stmt"/>
      <line num="2" count="1" type="stmt"/>
      <line num="5" count="1" type="stmt"/>
    </file>
  </project>
</coverage>
