{"/Users/issadia/Desktop/projects/scrapping-app/backend/routes/data.js": {"path":"/Users/issadia/Desktop/projects/scrapping-app/backend/routes/data.js","statementMap":{"0":{"start":{"line":1,"column":16},"end":{"line":1,"column":34}},"1":{"start":{"line":2,"column":14},"end":{"line":2,"column":30}},"2":{"start":{"line":4,"column":13},"end":{"line":30,"column":1}},"3":{"start":{"line":5,"column":18},"end":{"line":5,"column":36}},"4":{"start":{"line":6,"column":14},"end":{"line":6,"column":72}},"5":{"start":{"line":8,"column":2},"end":{"line":29,"column":42}},"6":{"start":{"line":11,"column":16},"end":{"line":11,"column":49}},"7":{"start":{"line":12,"column":26},"end":{"line":14,"column":15}},"8":{"start":{"line":16,"column":19},"end":{"line":20,"column":15}},"9":{"start":{"line":21,"column":20},"end":{"line":25,"column":44}},"10":{"start":{"line":27,"column":6},"end":{"line":27,"column":39}},"11":{"start":{"line":29,"column":22},"end":{"line":29,"column":40}},"12":{"start":{"line":32,"column":0},"end":{"line":32,"column":26}}},"fnMap":{"0":{"name":"(anonymous_0)","decl":{"start":{"line":4,"column":13},"end":{"line":4,"column":14}},"loc":{"start":{"line":4,"column":27},"end":{"line":30,"column":1}},"line":4},"1":{"name":"(anonymous_1)","decl":{"start":{"line":10,"column":10},"end":{"line":10,"column":11}},"loc":{"start":{"line":10,"column":30},"end":{"line":28,"column":5}},"line":10},"2":{"name":"(anonymous_2)","decl":{"start":{"line":29,"column":11},"end":{"line":29,"column":12}},"loc":{"start":{"line":29,"column":22},"end":{"line":29,"column":40}},"line":29}},"branchMap":{},"s":{"0":1,"1":1,"2":1,"3":1,"4":1,"5":1,"6":0,"7":0,"8":0,"9":0,"10":0,"11":0,"12":1},"f":{"0":1,"1":0,"2":0},"b":{},"_coverageSchema":"1a1c01bbd47fc00a2c39e90264f33305004495a9","hash":"1ac5e3c9dbdb81339aca1824f3da335f072567d8"}
,"/Users/issadia/Desktop/projects/scrapping-app/backend/routes/index.js": {"path":"/Users/issadia/Desktop/projects/scrapping-app/backend/routes/index.js","statementMap":{"0":{"start":{"line":1,"column":14},"end":{"line":3,"column":1}},"1":{"start":{"line":2,"column":2},"end":{"line":2,"column":32}},"2":{"start":{"line":5,"column":0},"end":{"line":5,"column":27}}},"fnMap":{"0":{"name":"(anonymous_0)","decl":{"start":{"line":1,"column":14},"end":{"line":1,"column":15}},"loc":{"start":{"line":1,"column":20},"end":{"line":3,"column":1}},"line":1}},"branchMap":{},"s":{"0":1,"1":1,"2":1},"f":{"0":1},"b":{},"_coverageSchema":"1a1c01bbd47fc00a2c39e90264f33305004495a9","hash":"8e317e6db9761350f999effca1ac14339bd15abe"}
}
